{
  "RSpec": {
    "coverage": {
      "/Users/alan/rails_apps/chat/app/controllers/application_controller.rb": [
        1,
        1,
        null
      ],
      "/Users/alan/rails_apps/chat/app/helpers/application_helper.rb": [
        1,
        null
      ],
      "/Users/alan/rails_apps/chat/app/helpers/events_helper.rb": [
        1,
        null,
        1,
        0,
        0,
        null,
        0,
        null,
        null,
        null,
        1,
        1,
        null,
        null,
        null,
        null,
        null,
        null,
        1,
        null,
        null
      ],
      "/Users/alan/rails_apps/chat/app/controllers/events_controller.rb": [
        1,
        null,
        1,
        4,
        4,
        null,
        null,
        null
      ],
      "/Users/alan/rails_apps/chat/app/models/event.rb": [
        1,
        null,
        1,
        null,
        null,
        1,
        1,
        1,
        null,
        1,
        null,
        1,
        7,
        3,
        null,
        null,
        2,
        3,
        null,
        4,
        null,
        null,
        null,
        1,
        3,
        3,
        3,
        2,
        2,
        2,
        null,
        null,
        null,
        3,
        null,
        null,
        1,
        4,
        2,
        2,
        2,
        2,
        null,
        null,
        2,
        null,
        null,
        1,
        5,
        null,
        null,
        null,
        null,
        null
      ],
      "/Users/alan/rails_apps/chat/app/models/event_type.rb": [
        1,
        1,
        null,
        1,
        null
      ],
      "/Users/alan/rails_apps/chat/app/models/message.rb": [
        1,
        null,
        1,
        null,
        1,
        1,
        null,
        null
      ],
      "/Users/alan/rails_apps/chat/app/models/user.rb": [
        1,
        1,
        null,
        1,
        1,
        null,
        null
      ]
    },
    "timestamp": 1371786345
  }
}
